{"C:\\Users\\KIIT\\Desktop\\task-api-server\\app.js": {"path":"C:\\Users\\KIIT\\Desktop\\task-api-server\\app.js","statementMap":{"0":{"start":{"line":1,"column":16},"end":{"line":1,"column":34}},"1":{"start":{"line":2,"column":17},"end":{"line":2,"column":36}},"2":{"start":{"line":3,"column":13},"end":{"line":3,"column":28}},"3":{"start":{"line":4,"column":0},"end":{"line":4,"column":27}},"4":{"start":{"line":6,"column":12},"end":{"line":6,"column":21}},"5":{"start":{"line":7,"column":0},"end":{"line":7,"column":16}},"6":{"start":{"line":8,"column":0},"end":{"line":8,"column":24}},"7":{"start":{"line":10,"column":19},"end":{"line":10,"column":49}},"8":{"start":{"line":11,"column":0},"end":{"line":11,"column":34}},"9":{"start":{"line":13,"column":0},"end":{"line":15,"column":3}},"10":{"start":{"line":14,"column":2},"end":{"line":14,"column":36}},"11":{"start":{"line":17,"column":0},"end":{"line":17,"column":21}}},"fnMap":{"0":{"name":"(anonymous_0)","decl":{"start":{"line":13,"column":13},"end":{"line":13,"column":14}},"loc":{"start":{"line":13,"column":27},"end":{"line":15,"column":1}},"line":13}},"branchMap":{},"s":{"0":1,"1":1,"2":1,"3":1,"4":1,"5":1,"6":1,"7":1,"8":1,"9":1,"10":0,"11":1},"f":{"0":0},"b":{},"_coverageSchema":"1a1c01bbd47fc00a2c39e90264f33305004495a9","hash":"32b4714233568c2e1cf2c8ab96814870687df6d6"}
,"C:\\Users\\KIIT\\Desktop\\task-api-server\\controllers\\taskController.js": {"path":"C:\\Users\\KIIT\\Desktop\\task-api-server\\controllers\\taskController.js","statementMap":{"0":{"start":{"line":3,"column":13},"end":{"line":3,"column":38}},"1":{"start":{"line":7,"column":0},"end":{"line":10,"column":2}},"2":{"start":{"line":8,"column":16},"end":{"line":8,"column":33}},"3":{"start":{"line":9,"column":2},"end":{"line":9,"column":18}},"4":{"start":{"line":12,"column":0},"end":{"line":16,"column":2}},"5":{"start":{"line":13,"column":18},"end":{"line":13,"column":36}},"6":{"start":{"line":14,"column":16},"end":{"line":14,"column":36}},"7":{"start":{"line":15,"column":2},"end":{"line":15,"column":30}},"8":{"start":{"line":18,"column":0},"end":{"line":21,"column":2}},"9":{"start":{"line":19,"column":18},"end":{"line":19,"column":86}},"10":{"start":{"line":20,"column":2},"end":{"line":20,"column":20}},"11":{"start":{"line":23,"column":0},"end":{"line":26,"column":2}},"12":{"start":{"line":24,"column":2},"end":{"line":24,"column":46}},"13":{"start":{"line":25,"column":2},"end":{"line":25,"column":40}}},"fnMap":{"0":{"name":"(anonymous_0)","decl":{"start":{"line":7,"column":19},"end":{"line":7,"column":20}},"loc":{"start":{"line":7,"column":39},"end":{"line":10,"column":1}},"line":7},"1":{"name":"(anonymous_1)","decl":{"start":{"line":12,"column":21},"end":{"line":12,"column":22}},"loc":{"start":{"line":12,"column":41},"end":{"line":16,"column":1}},"line":12},"2":{"name":"(anonymous_2)","decl":{"start":{"line":18,"column":21},"end":{"line":18,"column":22}},"loc":{"start":{"line":18,"column":41},"end":{"line":21,"column":1}},"line":18},"3":{"name":"(anonymous_3)","decl":{"start":{"line":23,"column":21},"end":{"line":23,"column":22}},"loc":{"start":{"line":23,"column":41},"end":{"line":26,"column":1}},"line":23}},"branchMap":{},"s":{"0":1,"1":1,"2":1,"3":1,"4":1,"5":1,"6":1,"7":1,"8":1,"9":1,"10":1,"11":1,"12":1,"13":1},"f":{"0":1,"1":1,"2":1,"3":1},"b":{},"_coverageSchema":"1a1c01bbd47fc00a2c39e90264f33305004495a9","hash":"77b3c7f3f31c637d6b1ab470ec8641417ed590b1"}
,"C:\\Users\\KIIT\\Desktop\\task-api-server\\models\\Task.js": {"path":"C:\\Users\\KIIT\\Desktop\\task-api-server\\models\\Task.js","statementMap":{"0":{"start":{"line":1,"column":17},"end":{"line":1,"column":36}},"1":{"start":{"line":3,"column":19},"end":{"line":15,"column":2}},"2":{"start":{"line":17,"column":0},"end":{"line":17,"column":52}}},"fnMap":{},"branchMap":{},"s":{"0":2,"1":2,"2":2},"f":{},"b":{},"_coverageSchema":"1a1c01bbd47fc00a2c39e90264f33305004495a9","hash":"ed16f2e25e5e0af621c13939483744b773de5d74"}
,"C:\\Users\\KIIT\\Desktop\\task-api-server\\routes\\taskRoutes.js": {"path":"C:\\Users\\KIIT\\Desktop\\task-api-server\\routes\\taskRoutes.js","statementMap":{"0":{"start":{"line":1,"column":16},"end":{"line":1,"column":34}},"1":{"start":{"line":2,"column":15},"end":{"line":2,"column":31}},"2":{"start":{"line":8,"column":4},"end":{"line":8,"column":44}},"3":{"start":{"line":10,"column":0},"end":{"line":10,"column":26}},"4":{"start":{"line":11,"column":0},"end":{"line":11,"column":29}},"5":{"start":{"line":12,"column":0},"end":{"line":12,"column":31}},"6":{"start":{"line":13,"column":0},"end":{"line":13,"column":34}},"7":{"start":{"line":15,"column":0},"end":{"line":15,"column":24}}},"fnMap":{},"branchMap":{},"s":{"0":1,"1":1,"2":1,"3":1,"4":1,"5":1,"6":1,"7":1},"f":{},"b":{},"_coverageSchema":"1a1c01bbd47fc00a2c39e90264f33305004495a9","hash":"956d7c5e9b864ddd41f7527eab70cadcd9377d24"}
}
